\BOOKMARK [0][-]{section*.1}{An Agent-Based Model of COVID-19 Diffusion to Plan and Evaluate Intervention Policies}{}% 1
\BOOKMARK [0][-]{section*.1}{Gianpiero Pescarmona, Pietro Terna, Alberto Acquadro, Paolo Pescarmona, Giuseppe Russo, Emilio Sulis, and Stefano Terna}{}% 2
\BOOKMARK [1][-]{section.0.1}{A quick introduction to epidemic modeling}{section*.1}% 3
\BOOKMARK [2][-]{subsection.0.1.1}{Why model? Why agents? Why another model?}{section.0.1}% 4
\BOOKMARK [2][-]{subsection.0.1.2}{Our model}{section.0.1}% 5
\BOOKMARK [1][-]{section.0.2}{How S.I.s.a.R. works}{section*.1}% 6
\BOOKMARK [2][-]{subsection.0.2.1}{A day of the simulation}{section.0.2}% 7
\BOOKMARK [2][-]{subsection.0.2.2}{Conditional actions}{section.0.2}% 8
\BOOKMARK [2][-]{subsection.0.2.3}{Parameters}{section.0.2}% 9
\BOOKMARK [2][-]{subsection.0.2.4}{Agents' interaction}{section.0.2}% 10
\BOOKMARK [2][-]{subsection.0.2.5}{Model calendar}{section.0.2}% 11
\BOOKMARK [1][-]{section.0.3}{The visualization of the sequences of contagions in simulated epidemics}{section*.1}% 12
\BOOKMARK [2][-]{subsection.0.3.1}{Contagion sequences}{section.0.3}% 13
\BOOKMARK [2][-]{subsection.0.3.2}{A few sequences suggesting a policy via counterfactual limitations}{section.0.3}% 14
\BOOKMARK [1][-]{section.0.4}{Simulation repetition and emerging key results}{section*.1}% 15
\BOOKMARK [1][-]{section.0.5}{Cost-benefit analysis of the of interventions}{section*.1}% 16
\BOOKMARK [1][-]{section.0.6}{Summarizing}{section*.1}% 17
\BOOKMARK [1][-]{section*.2}{Acknowledgements}{section*.1}% 18
\BOOKMARK [1][-]{section.0.7}{Appendix: Analyzing examples of contagion sequences}{section*.1}% 19
\BOOKMARK [2][-]{subsection.0.7.1}{How to analyze the figures of this section}{section.0.7}% 20
\BOOKMARK [2][-]{subsection.0.7.2}{Epidemics without containment measures}{section.0.7}% 21
\BOOKMARK [2][-]{subsection.0.7.3}{Cases with containment measures}{section.0.7}% 22
\BOOKMARK [2][-]{subsection.0.7.4}{Short running epidemic, with containment measures}{section.0.7}% 23
\BOOKMARK [1][-]{section.0.8}{Appendix: batches of 1,000 simulated experiments generating data for policy proposals}{section*.1}% 24
\BOOKMARK [2][-]{subsection.0.8.1}{Epidemics without containment measures}{section.0.8}% 25
\BOOKMARK [2][-]{subsection.0.8.2}{Epidemics with basic non-pharmaceutical containment measures, no school in September 2020}{section.0.8}% 26
\BOOKMARK [2][-]{subsection.0.8.3}{Epidemics with immediate stop of fragile workers, non-pharmaceutical containment measures, no school in September 2020}{section.0.8}% 27
\BOOKMARK [2][-]{subsection.0.8.4}{Epidemics with absolute isolation of nursing homes, non-pharmaceutical containment measures, no school in September 2020}{section.0.8}% 28
\BOOKMARK [2][-]{subsection.0.8.5}{Epidemics stopping fragile people, non-pharmaceutical containment measures, no school in September 2020}{section.0.8}% 29
\BOOKMARK [2][-]{subsection.0.8.6}{Epidemics excluding fragility of any type, non-pharmaceutical containment measures, no school in September 2020}{section.0.8}% 30
\BOOKMARK [2][-]{subsection.0.8.7}{Epidemics excluding fragility of any type, non-pharmaceutical containment measures, factories open, no school in September 2020}{section.0.8}% 31
\BOOKMARK [2][-]{subsection.0.8.8}{Epidemics excluding fragility of any type, non-pharmaceutical containment measures, factories open, schools open in September 2020}{section.0.8}% 32
\BOOKMARK [1][-]{section.0.9}{Appendix: How the visualization of contagion sequences works}{section*.1}% 33
\BOOKMARK [2][-]{subsection.0.9.1}{The data}{section.0.9}% 34
\BOOKMARK [2][-]{subsection.0.9.2}{The plot}{section.0.9}% 35
\BOOKMARK [2][-]{subsection.0.9.3}{The colors}{section.0.9}% 36
\BOOKMARK [1][-]{section.0.10}{Appendix: The calendar}{section*.1}% 37
\BOOKMARK [1][-]{section*.3}{References}{section*.1}% 38
\BOOKMARK [1][-]{section*.3}{References}{section*.1}% 39
